/usr/local/lib/python3.12/dist-packages/pennylane/devices/legacy_facade.py:212: PennyLaneDeprecationWarning: Setting shots on device is deprecated. Please use the `set_shots` transform on the respective QNode instead.
  warnings.warn(
  batch 0001  loss 0.7415  (181s elapsed)
  batch 0002  loss 0.7141  (364s elapsed)
  batch 0003  loss 0.6884  (546s elapsed)
  batch 0004  loss 0.7270  (734s elapsed)
  batch 0005  loss 0.6926  (924s elapsed)
  batch 0006  loss 0.7191  (1108s elapsed)
  batch 0007  loss 0.7016  (1300s elapsed)
  batch 0008  loss 0.6562  (1489s elapsed)
  batch 0009  loss 0.6684  (1676s elapsed)
  batch 0010  loss 0.7181  (1859s elapsed)
  batch 0011  loss 0.6506  (2045s elapsed)
  batch 0012  loss 0.7282  (2230s elapsed)
  batch 0013  loss 0.7004  (2413s elapsed)
  batch 0014  loss 0.6653  (2597s elapsed)
  batch 0015  loss 0.6515  (2790s elapsed)
  batch 0016  loss 0.5999  (2972s elapsed)
  batch 0017  loss 0.6198  (3154s elapsed)
  batch 0018  loss 0.6646  (3339s elapsed)
  batch 0019  loss 0.7127  (3524s elapsed)
  batch 0020  loss 0.6895  (3719s elapsed)
  batch 0021  loss 0.6680  (3907s elapsed)
  batch 0022  loss 0.6315  (4091s elapsed)
  batch 0023  loss 0.6799  (4274s elapsed)
  batch 0024  loss 0.5430  (4459s elapsed)
  batch 0025  loss 0.6355  (4644s elapsed)
  batch 0026  loss 0.5732  (4827s elapsed)
  batch 0027  loss 0.6718  (5010s elapsed)
  batch 0028  loss 0.5533  (5193s elapsed)
  batch 0029  loss 0.6212  (5377s elapsed)
  batch 0030  loss 0.6646  (5559s elapsed)
  batch 0031  loss 0.6376  (5741s elapsed)
  batch 0032  loss 0.6917  (5899s elapsed)
epoch 00  loss 0.6917  val_acc 0.7000* (5911.8s)
  batch 0033  loss 0.5160  (181s elapsed)
  batch 0034  loss 0.7326  (363s elapsed)
  batch 0035  loss 0.5141  (544s elapsed)
  batch 0036  loss 0.5858  (727s elapsed)
  batch 0037  loss 0.6168  (908s elapsed)
  batch 0038  loss 0.5172  (1089s elapsed)
  batch 0039  loss 0.7035  (1271s elapsed)
  batch 0040  loss 0.5906  (1451s elapsed)
  batch 0041  loss 0.5248  (1631s elapsed)
  batch 0042  loss 0.5772  (1814s elapsed)
  batch 0043  loss 0.6689  (1996s elapsed)
  batch 0044  loss 0.6325  (2176s elapsed)
  batch 0045  loss 0.6240  (2358s elapsed)
  batch 0046  loss 0.6290  (2539s elapsed)
  batch 0047  loss 0.5350  (2732s elapsed)
  batch 0048  loss 0.5314  (2924s elapsed)
  batch 0049  loss 0.4170  (3116s elapsed)
  batch 0050  loss 0.4515  (3313s elapsed)
  batch 0051  loss 0.5773  (3511s elapsed)
  batch 0052  loss 0.6214  (3709s elapsed)
  batch 0053  loss 0.5260  (3906s elapsed)
  batch 0054  loss 0.4449  (4105s elapsed)
  batch 0055  loss 0.5666  (4305s elapsed)
  batch 0056  loss 0.6039  (4505s elapsed)
  batch 0057  loss 0.5573  (4704s elapsed)
  batch 0058  loss 0.4952  (4896s elapsed)
  batch 0059  loss 0.7534  (5090s elapsed)
  batch 0060  loss 0.4996  (5285s elapsed)
  batch 0061  loss 0.4741  (5479s elapsed)
  batch 0062  loss 0.5268  (5674s elapsed)
  batch 0063  loss 0.5922  (5871s elapsed)
  batch 0064  loss 0.4610  (6045s elapsed)
epoch 01  loss 0.4610  val_acc 0.7444* (6059.6s)
  batch 0065  loss 0.5101  (200s elapsed)
  batch 0066  loss 0.5562  (404s elapsed)
  batch 0067  loss 0.5005  (599s elapsed)
  batch 0068  loss 0.3965  (788s elapsed)
  batch 0069  loss 0.5500  (978s elapsed)
  batch 0070  loss 0.4524  (1171s elapsed)
  batch 0071  loss 0.3382  (1361s elapsed)
  batch 0072  loss 0.4381  (1552s elapsed)
  batch 0073  loss 0.4141  (1743s elapsed)
  batch 0074  loss 0.4436  (1931s elapsed)
  batch 0075  loss 0.4094  (2119s elapsed)
  batch 0076  loss 0.6272  (2309s elapsed)
  batch 0077  loss 0.5119  (2496s elapsed)
  batch 0078  loss 0.7498  (2685s elapsed)
  batch 0079  loss 0.4263  (2877s elapsed)
  batch 0080  loss 0.5856  (3068s elapsed)
  batch 0081  loss 0.6182  (3261s elapsed)
  batch 0082  loss 0.5091  (3455s elapsed)
  batch 0083  loss 0.3708  (3646s elapsed)
  batch 0084  loss 0.5399  (3843s elapsed)
  batch 0085  loss 0.3547  (4043s elapsed)
  batch 0086  loss 0.4079  (4241s elapsed)
  batch 0087  loss 0.4384  (4439s elapsed)
  batch 0088  loss 0.4923  (4638s elapsed)
  batch 0089  loss 0.4289  (4827s elapsed)
  batch 0090  loss 0.5136  (5015s elapsed)
  batch 0091  loss 0.6287  (5199s elapsed)
  batch 0092  loss 0.4523  (5383s elapsed)
  batch 0093  loss 0.5425  (5566s elapsed)
  batch 0094  loss 0.5666  (5750s elapsed)
  batch 0095  loss 0.4088  (5933s elapsed)
  batch 0096  loss 0.6448  (6095s elapsed)
epoch 02  loss 0.6448  val_acc 0.7444  (6107.8s)
  batch 0097  loss 0.3359  (182s elapsed)
  batch 0098  loss 0.3541  (369s elapsed)
  batch 0099  loss 0.5191  (559s elapsed)
  batch 0100  loss 0.2463  (745s elapsed)
  batch 0101  loss 0.3167  (930s elapsed)
  batch 0102  loss 0.5712  (1114s elapsed)
  batch 0103  loss 0.6106  (1295s elapsed)
  batch 0104  loss 0.5675  (1476s elapsed)
  batch 0105  loss 0.4002  (1656s elapsed)
  batch 0106  loss 0.4723  (1838s elapsed)
  batch 0107  loss 0.5643  (2017s elapsed)
  batch 0108  loss 0.4185  (2197s elapsed)
  batch 0109  loss 0.4833  (2377s elapsed)
  batch 0110  loss 0.5128  (2557s elapsed)
  batch 0111  loss 0.3716  (2738s elapsed)
  batch 0112  loss 0.3413  (2920s elapsed)
  batch 0113  loss 0.4349  (3100s elapsed)
  batch 0114  loss 0.3022  (3279s elapsed)
  batch 0115  loss 0.5727  (3457s elapsed)
  batch 0116  loss 0.2273  (3640s elapsed)
  batch 0117  loss 0.6834  (3822s elapsed)
  batch 0118  loss 0.5620  (4006s elapsed)
  batch 0119  loss 0.5600  (4187s elapsed)
  batch 0120  loss 0.3914  (4370s elapsed)
  batch 0121  loss 0.4260  (4551s elapsed)
  batch 0122  loss 0.4352  (4731s elapsed)
  batch 0123  loss 0.4996  (4911s elapsed)
  batch 0124  loss 0.4745  (5093s elapsed)
  batch 0125  loss 0.6545  (5275s elapsed)
  batch 0126  loss 0.5217  (5460s elapsed)
  batch 0127  loss 0.6887  (5645s elapsed)
  batch 0128  loss 0.4262  (5807s elapsed)
epoch 03  loss 0.4262  val_acc 0.7444  (5819.3s)
  batch 0129  loss 0.4319  (182s elapsed)
  batch 0130  loss 0.6000  (363s elapsed)
  batch 0131  loss 0.6162  (544s elapsed)
  batch 0132  loss 0.3154  (731s elapsed)
  batch 0133  loss 0.4536  (916s elapsed)
  batch 0134  loss 0.2396  (1102s elapsed)
  batch 0135  loss 0.3817  (1285s elapsed)
  batch 0136  loss 0.5233  (1464s elapsed)
  batch 0137  loss 0.3580  (1641s elapsed)
  batch 0138  loss 0.4639  (1818s elapsed)
  batch 0139  loss 0.2605  (1994s elapsed)
  batch 0140  loss 0.6041  (2172s elapsed)
  batch 0141  loss 0.5062  (2345s elapsed)
  batch 0142  loss 0.3900  (2520s elapsed)
  batch 0143  loss 0.3279  (2696s elapsed)
  batch 0144  loss 0.5478  (2873s elapsed)
  batch 0145  loss 0.2379  (3049s elapsed)
  batch 0146  loss 0.5182  (3228s elapsed)
  batch 0147  loss 0.4734  (3404s elapsed)
  batch 0148  loss 0.4375  (3578s elapsed)
  batch 0149  loss 0.2921  (3752s elapsed)
  batch 0150  loss 0.3100  (3925s elapsed)
  batch 0151  loss 0.2905  (4100s elapsed)
  batch 0152  loss 0.6450  (4277s elapsed)
  batch 0153  loss 0.3539  (4450s elapsed)
  batch 0154  loss 0.3588  (4623s elapsed)
  batch 0155  loss 0.4819  (4794s elapsed)
  batch 0156  loss 0.3695  (4962s elapsed)
  batch 0157  loss 0.3568  (5132s elapsed)
  batch 0158  loss 0.4391  (5303s elapsed)
  batch 0159  loss 0.3607  (5472s elapsed)
  batch 0160  loss 0.6471  (5619s elapsed)
epoch 04  loss 0.6471  val_acc 0.7556* (5631.1s)
  batch 0161  loss 0.3467  (169s elapsed)
  batch 0162  loss 0.2222  (338s elapsed)
  batch 0163  loss 0.2340  (507s elapsed)
  batch 0164  loss 0.2715  (675s elapsed)
  batch 0165  loss 0.5114  (847s elapsed)
  batch 0166  loss 0.3694  (1017s elapsed)
  batch 0167  loss 0.3003  (1187s elapsed)
  batch 0168  loss 0.3585  (1357s elapsed)
  batch 0169  loss 0.2689  (1526s elapsed)
  batch 0170  loss 0.5100  (1697s elapsed)
  batch 0171  loss 0.5350  (1866s elapsed)
  batch 0172  loss 0.5079  (2035s elapsed)
  batch 0173  loss 0.4643  (2206s elapsed)
  batch 0174  loss 0.2586  (2376s elapsed)
  batch 0175  loss 0.4220  (2545s elapsed)
  batch 0176  loss 0.4029  (2714s elapsed)
  batch 0177  loss 0.4177  (2882s elapsed)
  batch 0178  loss 0.3542  (3051s elapsed)
  batch 0179  loss 0.2985  (3219s elapsed)
  batch 0180  loss 0.4251  (3388s elapsed)
  batch 0181  loss 0.4240  (3557s elapsed)
  batch 0182  loss 0.3186  (3727s elapsed)
  batch 0183  loss 0.5124  (3899s elapsed)
  batch 0184  loss 0.3492  (4070s elapsed)
  batch 0185  loss 0.3458  (4242s elapsed)
  batch 0186  loss 0.5410  (4412s elapsed)
  batch 0187  loss 0.3605  (4580s elapsed)
  batch 0188  loss 0.5029  (4750s elapsed)
  batch 0189  loss 0.2808  (4920s elapsed)
  batch 0190  loss 0.5130  (5090s elapsed)
  batch 0191  loss 0.2614  (5260s elapsed)
  batch 0192  loss 0.5637  (5409s elapsed)
epoch 05  loss 0.5637  val_acc 0.7556  (5421.0s)
  batch 0193  loss 0.3154  (171s elapsed)
  batch 0194  loss 0.2994  (342s elapsed)
  batch 0195  loss 0.3112  (514s elapsed)
  batch 0196  loss 0.2782  (684s elapsed)
  batch 0197  loss 0.2404  (854s elapsed)
  batch 0198  loss 0.2074  (1024s elapsed)
  batch 0199  loss 0.3543  (1193s elapsed)
  batch 0200  loss 0.5678  (1362s elapsed)
  batch 0201  loss 0.2548  (1533s elapsed)
  batch 0202  loss 0.2067  (1703s elapsed)
  batch 0203  loss 0.6067  (1874s elapsed)
  batch 0204  loss 0.4523  (2045s elapsed)
  batch 0205  loss 0.4071  (2214s elapsed)
  batch 0206  loss 0.3895  (2385s elapsed)
  batch 0207  loss 0.2925  (2557s elapsed)
  batch 0208  loss 0.4644  (2729s elapsed)
  batch 0209  loss 0.3085  (2900s elapsed)
  batch 0210  loss 0.3946  (3070s elapsed)
  batch 0211  loss 0.3561  (3238s elapsed)
  batch 0212  loss 0.2477  (3407s elapsed)
  batch 0213  loss 0.2759  (3576s elapsed)
  batch 0214  loss 0.3825  (3741s elapsed)
  batch 0215  loss 0.2219  (3908s elapsed)
  batch 0216  loss 0.3020  (4076s elapsed)
  batch 0217  loss 0.4181  (4240s elapsed)
  batch 0218  loss 0.4296  (4405s elapsed)
  batch 0219  loss 0.4108  (4571s elapsed)
  batch 0220  loss 0.4205  (4738s elapsed)
  batch 0221  loss 0.4054  (4903s elapsed)
  batch 0222  loss 0.4156  (5070s elapsed)
  batch 0223  loss 0.5273  (5233s elapsed)
  batch 0224  loss 0.4776  (5377s elapsed)
epoch 06  loss 0.4776  val_acc 0.7667* (5388.2s)
  batch 0225  loss 0.6462  (165s elapsed)
  batch 0226  loss 0.2110  (333s elapsed)
  batch 0227  loss 0.3205  (497s elapsed)
  batch 0228  loss 0.2849  (661s elapsed)
  batch 0229  loss 0.3224  (825s elapsed)
  batch 0230  loss 0.6340  (989s elapsed)
  batch 0231  loss 0.2573  (1155s elapsed)
  batch 0232  loss 0.2850  (1324s elapsed)
  batch 0233  loss 0.3467  (1491s elapsed)
  batch 0234  loss 0.3937  (1658s elapsed)
  batch 0235  loss 0.2747  (1826s elapsed)
  batch 0236  loss 0.5682  (1995s elapsed)
  batch 0237  loss 0.3311  (2165s elapsed)
  batch 0238  loss 0.4236  (2334s elapsed)
  batch 0239  loss 0.3115  (2506s elapsed)
  batch 0240  loss 0.2605  (2677s elapsed)
  batch 0241  loss 0.3702  (2844s elapsed)
  batch 0242  loss 0.1826  (3014s elapsed)
  batch 0243  loss 0.1963  (3184s elapsed)
  batch 0244  loss 0.2927  (3354s elapsed)
  batch 0245  loss 0.3778  (3523s elapsed)
  batch 0246  loss 0.1985  (3693s elapsed)
  batch 0247  loss 0.5775  (3862s elapsed)
  batch 0248  loss 0.7466  (4030s elapsed)
  batch 0249  loss 0.4819  (4198s elapsed)
  batch 0250  loss 0.5043  (4366s elapsed)
  batch 0251  loss 0.4664  (4534s elapsed)
  batch 0252  loss 0.3787  (4702s elapsed)
  batch 0253  loss 0.2511  (4867s elapsed)
  batch 0254  loss 0.2990  (5035s elapsed)
  batch 0255  loss 0.2068  (5203s elapsed)
  batch 0256  loss 0.2422  (5351s elapsed)
epoch 07  loss 0.2422  val_acc 0.7667  (5362.4s)
  batch 0257  loss 0.2345  (169s elapsed)
  batch 0258  loss 0.2219  (337s elapsed)
  batch 0259  loss 0.3102  (504s elapsed)
  batch 0260  loss 0.3758  (672s elapsed)
  batch 0261  loss 0.2273  (844s elapsed)
  batch 0262  loss 0.3860  (1012s elapsed)
  batch 0263  loss 0.3029  (1181s elapsed)
  batch 0264  loss 0.2600  (1348s elapsed)
  batch 0265  loss 0.4116  (1515s elapsed)
  batch 0266  loss 0.2710  (1683s elapsed)
  batch 0267  loss 0.4206  (1852s elapsed)
  batch 0268  loss 0.1942  (2022s elapsed)
  batch 0269  loss 0.2754  (2191s elapsed)
  batch 0270  loss 0.2375  (2360s elapsed)
  batch 0271  loss 0.3710  (2534s elapsed)
  batch 0272  loss 0.1690  (2707s elapsed)
  batch 0273  loss 0.2133  (2877s elapsed)
  batch 0274  loss 0.3029  (3049s elapsed)
  batch 0275  loss 0.2942  (3220s elapsed)
  batch 0276  loss 0.2573  (3390s elapsed)
  batch 0277  loss 0.5532  (3561s elapsed)
  batch 0278  loss 0.2628  (3729s elapsed)
  batch 0279  loss 0.4035  (3898s elapsed)
  batch 0280  loss 0.3630  (4067s elapsed)
  batch 0281  loss 0.5339  (4236s elapsed)
  batch 0282  loss 0.3568  (4407s elapsed)
  batch 0283  loss 0.3187  (4578s elapsed)
  batch 0284  loss 0.3159  (4747s elapsed)
  batch 0285  loss 0.5179  (4916s elapsed)
  batch 0286  loss 0.6998  (5085s elapsed)
  batch 0287  loss 0.3796  (5249s elapsed)
  batch 0288  loss 0.2949  (5396s elapsed)
epoch 08  loss 0.2949  val_acc 0.7667  (5407.5s)
  batch 0289  loss 0.2969  (168s elapsed)
  batch 0290  loss 0.4140  (338s elapsed)
  batch 0291  loss 0.3515  (511s elapsed)
  batch 0292  loss 0.2119  (685s elapsed)
  batch 0293  loss 0.2147  (858s elapsed)
  batch 0294  loss 0.2824  (1030s elapsed)
  batch 0295  loss 0.2441  (1201s elapsed)
  batch 0296  loss 0.1972  (1371s elapsed)
  batch 0297  loss 0.4979  (1544s elapsed)
  batch 0298  loss 0.1578  (1715s elapsed)
  batch 0299  loss 0.2884  (1886s elapsed)
  batch 0300  loss 0.1692  (2058s elapsed)
  batch 0301  loss 0.2703  (2228s elapsed)
  batch 0302  loss 0.2247  (2398s elapsed)
  batch 0303  loss 0.2481  (2569s elapsed)
  batch 0304  loss 0.2499  (2740s elapsed)
  batch 0305  loss 0.3593  (2910s elapsed)
  batch 0306  loss 0.1330  (3082s elapsed)
  batch 0307  loss 0.3263  (3254s elapsed)
  batch 0308  loss 0.2852  (3429s elapsed)
  batch 0309  loss 0.2840  (3603s elapsed)
  batch 0310  loss 0.4976  (3777s elapsed)
  batch 0311  loss 0.3938  (3949s elapsed)
  batch 0312  loss 0.4280  (4123s elapsed)
  batch 0313  loss 0.5396  (4296s elapsed)
  batch 0314  loss 0.3241  (4469s elapsed)
  batch 0315  loss 0.1951  (4640s elapsed)
  batch 0316  loss 0.3424  (4813s elapsed)
  batch 0317  loss 0.5585  (4982s elapsed)
  batch 0318  loss 0.3195  (5152s elapsed)
  batch 0319  loss 0.2675  (5323s elapsed)
  batch 0320  loss 0.3240  (5473s elapsed)
epoch 09  loss 0.3240  val_acc 0.7667  (5484.6s)
best val 0.7667 @ epoch 6  →  TEST 0.7850  →  results_tier1_noisy_hybrid_qlabels_s8281.json
